pol.exe
uoconvert.exe
poltool.exe
uotool.exe
core-changes.txt
uoconvert.txt
packethooks.txt
packets.zip
uoconvert.cfg
libmysql.dll
scripts\ecompile.exe
scripts\ecompile.cfg.example
scripts\runecl.exe
scripts\modules\util.em
scripts\modules\os.em
scripts\modules\npc.em
scripts\modules\math.em
scripts\modules\boat.em
scripts\modules\basicio.em
scripts\modules\basic.em
scripts\modules\datafile.em
scripts\modules\file.em
scripts\modules\uo.em
scripts\modules\cfgfile.em
scripts\modules\http.em
scripts\modules\polsys.em
scripts\modules\party.em
scripts\modules\unicode.em
scripts\modules\attributes.em
scripts\modules\cliloc.em
scripts\modules\guilds.em
scripts\modules\storage.em
scripts\modules\vitals.em
